#
# A fatal error has been detected by the Java Runtime Environment:
#
#  SIGSEGV (0xb) at pc=0x000000010ba2c3c8, pid=94412, tid=0x0000000000003403
#
# JRE version: Java(TM) SE Runtime Environment (8.0_192-b12) (build 1.8.0_192-b12)
# Java VM: Java HotSpot(TM) 64-Bit Server VM (25.192-b12 mixed mode bsd-amd64 compressed oops)
# Problematic frame:
# V  [libjvm.dylib+0x28a3c8]
#
# Failed to write core dump. Core dumps have been disabled. To enable core dumping, try "ulimit -c unlimited" before starting Java again
#
# If you would like to submit a bug report, please visit:
#   http://bugreport.java.com/bugreport/crash.jsp
#

---------------  T H R E A D  ---------------

Current thread (0x00007fe4aa83b800):  VMThread [stack: 0x000070000fb3f000,0x000070000fc3f000] [id=13315]

siginfo: si_signo: 11 (SIGSEGV), si_code: 0 (unknown), si_addr: 0x0000000000000000

Registers:
RAX=0x00007fe4a9a08760, RBX=0x000070000fc3e818, RCX=0xffffffffffffcb51, RDX=0x0000000000000000
RSP=0x000070000fc3e620, RBP=0x000070000fc3e630, RSI=0x00000000ffffcb51, RDI=0x000070000fc3e818
R8 =0x1ffffffffffff968, R9 =0x0000000000000400, R10=0x0000000000002000, R11=0x0000000000000246
R12=0x00000000000000a7, R13=0x0000000000000105, R14=0x0000000000000105, R15=0x000070000fc3e6a0
RIP=0x000000010ba2c3c8, EFLAGS=0x0000000000010a02, ERR=0x0000000000000000
  TRAPNO=0x000000000000000d

Top of Stack: (sp=0x000070000fc3e620)
0x000070000fc3e620:   000070000fc3e818 000070000fc3e818
0x000070000fc3e630:   000070000fc3e690 000000010ba2c77b
0x000070000fc3e640:   000000012a9daed8 0000000000000000
0x000070000fc3e650:   000000010ba2c3aa 000070000fc3e6a0
0x000070000fc3e660:   000070000fc3e690 000070000fc3e818
0x000070000fc3e670:   00000000000000a7 0000000000000105
0x000070000fc3e680:   000000012a9dae00 000070000fc3e6a0
0x000070000fc3e690:   000070000fc3e720 000000010ba2d49b
0x000070000fc3e6a0:   000070000fc3e830 000000012a9daed8
0x000070000fc3e6b0:   00007fe4aa83b800 0000010800000105
0x000070000fc3e6c0:   000000a700000152 000000a72a9d0000
0x000070000fc3e6d0:   0000000000000000 0000015200000000
0x000070000fc3e6e0:   000000012a9daed8 00007fe4aa83b800
0x000070000fc3e6f0:   000000012a9daed8 00007fe4aa83b800
0x000070000fc3e700:   000000012a9daed8 00007fe4aa83b800
0x000070000fc3e710:   000070000fc3e818 000000012a9daed8
0x000070000fc3e720:   000070000fc3e7b0 000000010ba2d6f3
0x000070000fc3e730:   000000020fc30000 0000000000000000
0x000070000fc3e740:   000070000fc3ed68 00007fff00000000
0x000070000fc3e750:   0000000000000000 0000000000000100
0x000070000fc3e760:   0000000000000000 000070000fc3ece8
0x000070000fc3e770:   000070000fc3ec00 00007fff95ab4348
0x000070000fc3e780:   000000012a9daed8 00007fe4aa83b800
0x000070000fc3e790:   000000012a9daed8 000070000fc3e818
0x000070000fc3e7a0:   00007fe4aa83b800 00007fe4a24b6000
0x000070000fc3e7b0:   000070000fc3e800 000000010bc278d1
0x000070000fc3e7c0:   00007fe4a7f11480 00007fe4a9a086b0
0x000070000fc3e7d0:   00007fe4a9a086c0 00007fe4a9a08a98
0x000070000fc3e7e0:   00000000000003d8 0000000000000000
0x000070000fc3e7f0:   000070000fc3e9f0 00007fe4a24b6000
0x000070000fc3e800:   000070000fc3e990 000000010bc27ada
0x000070000fc3e810:   ffffffffffffffff 000000010c080250 

Instructions: (pc=0x000000010ba2c3c8)
0x000000010ba2c3a8:   c3 90 55 48 89 e5 53 48 83 ec 08 48 8b 87 90 00
0x000000010ba2c3b8:   00 00 48 63 ce 49 89 c8 49 83 e0 c0 49 c1 e8 03
0x000000010ba2c3c8:   4a 8b 04 00 48 0f a3 f0 72 17 48 89 fb 48 8d 7b
0x000000010ba2c3d8:   70 ba 01 00 00 00 48 89 ce e8 d8 c6 e4 ff ff 43 

Register to memory mapping:

RAX=0x00007fe4a9a08760 is an unknown value
RBX=0x000070000fc3e818 is an unknown value
RCX=0xffffffffffffcb51 is an unknown value
RDX=0x0000000000000000 is an unknown value
RSP=0x000070000fc3e620 is an unknown value
RBP=0x000070000fc3e630 is an unknown value
RSI=0x00000000ffffcb51 is an unknown value
RDI=0x000070000fc3e818 is an unknown value
R8 =0x1ffffffffffff968 is an unknown value
R9 =0x0000000000000400 is an unknown value
R10=0x0000000000002000 is an unknown value
R11=0x0000000000000246 is an unknown value
R12=0x00000000000000a7 is an unknown value
R13=0x0000000000000105 is an unknown value
R14=0x0000000000000105 is an unknown value
R15=0x000070000fc3e6a0 is an unknown value


Stack: [0x000070000fb3f000,0x000070000fc3f000],  sp=0x000070000fc3e620,  free space=1021k
Native frames: (J=compiled Java code, j=interpreted, Vv=VM code, C=native code)
V  [libjvm.dylib+0x28a3c8]
V  [libjvm.dylib+0x28a77b]
V  [libjvm.dylib+0x28b49b]
V  [libjvm.dylib+0x28b6f3]
V  [libjvm.dylib+0x4858d1]
V  [libjvm.dylib+0x485ada]
V  [libjvm.dylib+0x48600d]
V  [libjvm.dylib+0x2c3020]
V  [libjvm.dylib+0x4535fd]
V  [libjvm.dylib+0x39b50f]
V  [libjvm.dylib+0x5bdc19]
V  [libjvm.dylib+0x5bc1b1]
V  [libjvm.dylib+0x5bc5fe]
V  [libjvm.dylib+0x5bbf1d]
V  [libjvm.dylib+0x48e96a]
C  [libsystem_pthread.dylib+0x6109]  _pthread_start+0x94
C  [libsystem_pthread.dylib+0x1b8b]  thread_start+0xf

VM_Operation (0x0000700010150a18): GetOrSetLocal, mode: safepoint, requested by thread 0x00007fe4a8019000


---------------  P R O C E S S  ---------------

Java Threads: ( => current thread )
  0x00007fe4a2098800 JavaThread "pool-1-thread-2" [_thread_blocked, id=24323, stack(0x0000700010e7b000,0x0000700010f7b000)]
  0x00007fe4a0f22800 JavaThread "pool-1-thread-1" [_thread_blocked, id=41479, stack(0x0000700010c75000,0x0000700010d75000)]
  0x00007fe49cfff000 JavaThread "pool-2-thread-1" [_thread_blocked, id=24071, stack(0x0000700010d78000,0x0000700010e78000)]
  0x00007fe4a805d800 JavaThread "HikariPool-1 housekeeper" daemon [_thread_blocked, id=41999, stack(0x0000700010b72000,0x0000700010c72000)]
  0x00007fe4b3e38000 JavaThread "mysql-cj-abandoned-connection-cleanup" daemon [_thread_blocked, id=18187, stack(0x0000700010a6f000,0x0000700010b6f000)]
  0x00007fe4a9273800 JavaThread "ReaderThread" [_thread_in_native, id=23299, stack(0x000070001096c000,0x0000700010a6c000)]
  0x00007fe4ac0ab000 JavaThread "Service Thread" daemon [_thread_blocked, id=42755, stack(0x0000700010766000,0x0000700010866000)]
  0x00007fe4af016800 JavaThread "C1 CompilerThread3" daemon [_thread_blocked, id=43011, stack(0x0000700010663000,0x0000700010763000)]
  0x00007fe4aaa01800 JavaThread "C2 CompilerThread2" daemon [_thread_blocked, id=22019, stack(0x0000700010560000,0x0000700010660000)]
  0x00007fe4b0808800 JavaThread "C2 CompilerThread1" daemon [_thread_blocked, id=21763, stack(0x000070001045d000,0x000070001055d000)]
  0x00007fe4aa1f3800 JavaThread "C2 CompilerThread0" daemon [_thread_blocked, id=16643, stack(0x000070001035a000,0x000070001045a000)]
  0x00007fe4ab809800 JavaThread "JDWP Command Reader" daemon [_thread_in_native, id=17155, stack(0x0000700010257000,0x0000700010357000)]
  0x00007fe4a8019800 JavaThread "JDWP Event Helper Thread" daemon [_thread_blocked, id=15875, stack(0x0000700010154000,0x0000700010254000)]
  0x00007fe4a8019000 JavaThread "JDWP Transport Listener: dt_socket" daemon [_thread_blocked, id=15367, stack(0x0000700010051000,0x0000700010151000)]
  0x00007fe4ac035800 JavaThread "Signal Dispatcher" daemon [_thread_blocked, id=14851, stack(0x000070000ff4e000,0x000070001004e000)]
  0x00007fe4a8016800 JavaThread "Finalizer" daemon [_thread_blocked, id=19715, stack(0x000070000fd45000,0x000070000fe45000)]
  0x00007fe4aa842800 JavaThread "Reference Handler" daemon [_thread_blocked, id=20227, stack(0x000070000fc42000,0x000070000fd42000)]
  0x00007fe4a8009000 JavaThread "main" [_thread_blocked, id=3843, stack(0x000070000f01e000,0x000070000f11e000)]

Other Threads:
=>0x00007fe4aa83b800 VMThread [stack: 0x000070000fb3f000,0x000070000fc3f000] [id=13315]
  0x00007fe4aaa02800 WatcherThread [stack: 0x0000700010869000,0x0000700010969000] [id=23043]

VM state:at safepoint (normal execution)

VM Mutex/Monitor currently owned by a thread:  ([mutex/lock_event])
[0x00007fe4a7f05e80] Threads_lock - owner thread: 0x00007fe4aa83b800

heap address: 0x00000006c0000000, size: 4096 MB, Compressed Oops mode: Zero based, Oop shift amount: 3
Narrow klass base: 0x0000000000000000, Narrow klass shift: 3
Compressed class space size: 1073741824 Address: 0x00000007c0000000

Heap:
 PSYoungGen      total 385024K, used 265808K [0x000000076ab00000, 0x0000000783400000, 0x00000007c0000000)
  eden space 372736K, 68% used [0x000000076ab00000,0x000000077a4408b0,0x0000000781700000)
  from space 12288K, 86% used [0x0000000782800000,0x0000000783253a58,0x0000000783400000)
  to   space 14848K, 0% used [0x0000000781700000,0x0000000781700000,0x0000000782580000)
 ParOldGen       total 194560K, used 27689K [0x00000006c0000000, 0x00000006cbe00000, 0x000000076ab00000)
  object space 194560K, 14% used [0x00000006c0000000,0x00000006c1b0a720,0x00000006cbe00000)
 Metaspace       used 75351K, capacity 80128K, committed 80384K, reserved 1118208K
  class space    used 10197K, capacity 10929K, committed 11008K, reserved 1048576K

Card table byte_map: [0x000000010ac00000,0x000000010b401000] byte_map_base: 0x0000000107600000

Marking Bits: (ParMarkBitMap*) 0x000000010c09ce40
 Begin Bits: [0x000000011bcae000, 0x000000011fcae000)
 End Bits:   [0x000000011fcae000, 0x0000000123cae000)

Polling page: 0x0000000108f4d000

CodeCache: size=245760Kb used=24601Kb max_used=26113Kb free=221159Kb
 bounds [0x000000010c758000, 0x000000010e108000, 0x000000011b758000]
 total_blobs=7281 nmethods=6704 adapters=496
 compilation: enabled

Compilation events (10 events):
Event: 69.688 Thread 0x00007fe4af016800 nmethod 7588 0x000000010c8ba650 code [0x000000010c8ba7a0, 0x000000010c8ba8b0]
Event: 69.688 Thread 0x00007fe4af016800 7607   !   3       org.h2.jdbc.JdbcStatement::closeOldResultSet (82 bytes)
Event: 69.689 Thread 0x00007fe4af016800 nmethod 7607 0x000000010cb492d0 code [0x000000010cb49460, 0x000000010cb497d8]
Event: 69.689 Thread 0x00007fe4af016800 7608       3       java.util.Calendar::checkDisplayNameParams (61 bytes)
Event: 69.689 Thread 0x00007fe4af016800 nmethod 7608 0x000000010cbbea50 code [0x000000010cbbec00, 0x000000010cbbf1d8]
Event: 69.690 Thread 0x00007fe4af016800 7591       1       org.hibernate.engine.spi.QueryParameters::getRowSelection (5 bytes)
Event: 69.690 Thread 0x00007fe4af016800 nmethod 7591 0x000000010ca034d0 code [0x000000010ca03620, 0x000000010ca03730]
Event: 69.690 Thread 0x00007fe4af016800 7593       1       org.hibernate.boot.internal.SessionFactoryOptionsBuilder::isCommentsEnabled (5 bytes)
Event: 69.690 Thread 0x00007fe4af016800 nmethod 7593 0x000000010cbd1090 code [0x000000010cbd11e0, 0x000000010cbd12f0]
Event: 69.695 Thread 0x00007fe4aaa01800 nmethod 7596 0x000000010c99e750 code [0x000000010c99e940, 0x000000010c99f730]

GC Heap History (10 events):
Event: 7.078 GC heap before
{Heap before GC invocations=13 (full 2):
 PSYoungGen      total 249344K, used 248939K [0x000000076ab00000, 0x000000077c180000, 0x00000007c0000000)
  eden space 241152K, 100% used [0x000000076ab00000,0x0000000779680000,0x0000000779680000)
  from space 8192K, 95% used [0x000000077b980000,0x000000077c11af70,0x000000077c180000)
  to   space 10240K, 0% used [0x000000077ad80000,0x000000077ad80000,0x000000077b780000)
 ParOldGen       total 136704K, used 11859K [0x00000006c0000000, 0x00000006c8580000, 0x000000076ab00000)
  object space 136704K, 8% used [0x00000006c0000000,0x00000006c0b94fc8,0x00000006c8580000)
 Metaspace       used 51508K, capacity 53902K, committed 54016K, reserved 1095680K
  class space    used 6943K, capacity 7372K, committed 7424K, reserved 1048576K
Event: 7.088 GC heap after
Heap after GC invocations=13 (full 2):
 PSYoungGen      total 274944K, used 10230K [0x000000076ab00000, 0x000000077f600000, 0x00000007c0000000)
  eden space 264704K, 0% used [0x000000076ab00000,0x000000076ab00000,0x000000077ad80000)
  from space 10240K, 99% used [0x000000077ad80000,0x000000077b77dbd8,0x000000077b780000)
  to   space 12800K, 0% used [0x000000077e980000,0x000000077e980000,0x000000077f600000)
 ParOldGen       total 136704K, used 16244K [0x00000006c0000000, 0x00000006c8580000, 0x000000076ab00000)
  object space 136704K, 11% used [0x00000006c0000000,0x00000006c0fdd190,0x00000006c8580000)
 Metaspace       used 51508K, capacity 53902K, committed 54016K, reserved 1095680K
  class space    used 6943K, capacity 7372K, committed 7424K, reserved 1048576K
}
Event: 7.576 GC heap before
{Heap before GC invocations=14 (full 2):
 PSYoungGen      total 274944K, used 103278K [0x000000076ab00000, 0x000000077f600000, 0x00000007c0000000)
  eden space 264704K, 35% used [0x000000076ab00000,0x00000007705ddce8,0x000000077ad80000)
  from space 10240K, 99% used [0x000000077ad80000,0x000000077b77dbd8,0x000000077b780000)
  to   space 12800K, 0% used [0x000000077e980000,0x000000077e980000,0x000000077f600000)
 ParOldGen       total 136704K, used 16244K [0x00000006c0000000, 0x00000006c8580000, 0x000000076ab00000)
  object space 136704K, 11% used [0x00000006c0000000,0x00000006c0fdd190,0x00000006c8580000)
 Metaspace       used 56606K, capacity 59110K, committed 59160K, reserved 1099776K
  class space    used 7606K, capacity 8046K, committed 8064K, reserved 1048576K
Event: 7.584 GC heap after
Heap after GC invocations=14 (full 2):
 PSYoungGen      total 326144K, used 5208K [0x000000076ab00000, 0x0000000781480000, 0x00000007c0000000)
  eden space 313344K, 0% used [0x000000076ab00000,0x000000076ab00000,0x000000077dd00000)
  from space 12800K, 40% used [0x000000077e980000,0x000000077ee96210,0x000000077f600000)
  to   space 12800K, 0% used [0x000000077dd00000,0x000000077dd00000,0x000000077e980000)
 ParOldGen       total 136704K, used 19765K [0x00000006c0000000, 0x00000006c8580000, 0x000000076ab00000)
  object space 136704K, 14% used [0x00000006c0000000,0x00000006c134d598,0x00000006c8580000)
 Metaspace       used 56606K, capacity 59110K, committed 59160K, reserved 1099776K
  class space    used 7606K, capacity 8046K, committed 8064K, reserved 1048576K
}
Event: 7.584 GC heap before
{Heap before GC invocations=15 (full 3):
 PSYoungGen      total 326144K, used 5208K [0x000000076ab00000, 0x0000000781480000, 0x00000007c0000000)
  eden space 313344K, 0% used [0x000000076ab00000,0x000000076ab00000,0x000000077dd00000)
  from space 12800K, 40% used [0x000000077e980000,0x000000077ee96210,0x000000077f600000)
  to   space 12800K, 0% used [0x000000077dd00000,0x000000077dd00000,0x000000077e980000)
 ParOldGen       total 136704K, used 19765K [0x00000006c0000000, 0x00000006c8580000, 0x000000076ab00000)
  object space 136704K, 14% used [0x00000006c0000000,0x00000006c134d598,0x00000006c8580000)
 Metaspace       used 56606K, capacity 59110K, committed 59160K, reserved 1099776K
  class space    used 7606K, capacity 8046K, committed 8064K, reserved 1048576K
Event: 7.715 GC heap after
Heap after GC invocations=15 (full 3):
 PSYoungGen      total 326144K, used 0K [0x000000076ab00000, 0x0000000781480000, 0x00000007c0000000)
  eden space 313344K, 0% used [0x000000076ab00000,0x000000076ab00000,0x000000077dd00000)
  from space 12800K, 0% used [0x000000077e980000,0x000000077e980000,0x000000077f600000)
  to   space 12800K, 0% used [0x000000077dd00000,0x000000077dd00000,0x000000077e980000)
 ParOldGen       total 194560K, used 21233K [0x00000006c0000000, 0x00000006cbe00000, 0x000000076ab00000)
  object space 194560K, 10% used [0x00000006c0000000,0x00000006c14bc628,0x00000006cbe00000)
 Metaspace       used 56606K, capacity 59110K, committed 59160K, reserved 1099776K
  class space    used 7606K, capacity 8046K, committed 8064K, reserved 1048576K
}
Event: 9.564 GC heap before
{Heap before GC invocations=16 (full 3):
 PSYoungGen      total 326144K, used 313344K [0x000000076ab00000, 0x0000000781480000, 0x00000007c0000000)
  eden space 313344K, 100% used [0x000000076ab00000,0x000000077dd00000,0x000000077dd00000)
  from space 12800K, 0% used [0x000000077e980000,0x000000077e980000,0x000000077f600000)
  to   space 12800K, 0% used [0x000000077dd00000,0x000000077dd00000,0x000000077e980000)
 ParOldGen       total 194560K, used 21233K [0x00000006c0000000, 0x00000006cbe00000, 0x000000076ab00000)
  object space 194560K, 10% used [0x00000006c0000000,0x00000006c14bc628,0x00000006cbe00000)
 Metaspace       used 66494K, capacity 69998K, committed 70272K, reserved 1110016K
  class space    used 8961K, capacity 9516K, committed 9600K, reserved 1048576K
Event: 9.574 GC heap after
Heap after GC invocations=16 (full 3):
 PSYoungGen      total 326144K, used 12774K [0x000000076ab00000, 0x0000000783600000, 0x00000007c0000000)
  eden space 313344K, 0% used [0x000000076ab00000,0x000000076ab00000,0x000000077dd00000)
  from space 12800K, 99% used [0x000000077dd00000,0x000000077e979ac8,0x000000077e980000)
  to   space 14336K, 0% used [0x0000000782800000,0x0000000782800000,0x0000000783600000)
 ParOldGen       total 194560K, used 21539K [0x00000006c0000000, 0x00000006cbe00000, 0x000000076ab00000)
  object space 194560K, 11% used [0x00000006c0000000,0x00000006c1508d40,0x00000006cbe00000)
 Metaspace       used 66494K, capacity 69998K, committed 70272K, reserved 1110016K
  class space    used 8961K, capacity 9516K, committed 9600K, reserved 1048576K
}
Event: 10.879 GC heap before
{Heap before GC invocations=17 (full 3):
 PSYoungGen      total 326144K, used 326118K [0x000000076ab00000, 0x0000000783600000, 0x00000007c0000000)
  eden space 313344K, 100% used [0x000000076ab00000,0x000000077dd00000,0x000000077dd00000)
  from space 12800K, 99% used [0x000000077dd00000,0x000000077e979ac8,0x000000077e980000)
  to   space 14336K, 0% used [0x0000000782800000,0x0000000782800000,0x0000000783600000)
 ParOldGen       total 194560K, used 21539K [0x00000006c0000000, 0x00000006cbe00000, 0x000000076ab00000)
  object space 194560K, 11% used [0x00000006c0000000,0x00000006c1508d40,0x00000006cbe00000)
 Metaspace       used 70917K, capacity 75198K, committed 75264K, reserved 1114112K
  class space    used 9529K, capacity 10218K, committed 10240K, reserved 1048576K
Event: 10.891 GC heap after
Heap after GC invocations=17 (full 3):
 PSYoungGen      total 385024K, used 10574K [0x000000076ab00000, 0x0000000783400000, 0x00000007c0000000)
  eden space 372736K, 0% used [0x000000076ab00000,0x000000076ab00000,0x0000000781700000)
  from space 12288K, 86% used [0x0000000782800000,0x0000000783253a58,0x0000000783400000)
  to   space 14848K, 0% used [0x0000000781700000,0x0000000781700000,0x0000000782580000)
 ParOldGen       total 194560K, used 27689K [0x00000006c0000000, 0x00000006cbe00000, 0x000000076ab00000)
  object space 194560K, 14% used [0x00000006c0000000,0x00000006c1b0a720,0x00000006cbe00000)
 Metaspace       used 70917K, capacity 75198K, committed 75264K, reserved 1114112K
  class space    used 9529K, capacity 10218K, committed 10240K, reserved 1048576K
}

Deoptimization events (10 events):
Event: 12.012 Thread 0x00007fe4a8009000 Uncommon trap: reason=unhandled action=none pc=0x000000010dbe4528 method=java.lang.Class.getMethod(Ljava/lang/String;[Ljava/lang/Class;)Ljava/lang/reflect/Method; @ 61
Event: 12.016 Thread 0x00007fe4a8009000 Uncommon trap: reason=unhandled action=none pc=0x000000010dbe4528 method=java.lang.Class.getMethod(Ljava/lang/String;[Ljava/lang/Class;)Ljava/lang/reflect/Method; @ 61
Event: 69.675 Thread 0x00007fe49cfff000 Uncommon trap: reason=unhandled action=none pc=0x000000010dd502f4 method=java.lang.Class.getMethod(Ljava/lang/String;[Ljava/lang/Class;)Ljava/lang/reflect/Method; @ 61
Event: 69.677 Thread 0x00007fe49cfff000 Uncommon trap: reason=unhandled action=none pc=0x000000010d5f4cb8 method=java.net.URLClassLoader.findClass(Ljava/lang/String;)Ljava/lang/Class; @ 44
Event: 69.678 Thread 0x00007fe49cfff000 Uncommon trap: reason=unstable_if action=reinterpret pc=0x000000010cfaa974 method=java.lang.ThreadLocal$ThreadLocalMap.getEntry(Ljava/lang/ThreadLocal;)Ljava/lang/ThreadLocal$ThreadLocalMap$Entry; @ 29
Event: 69.680 Thread 0x00007fe49cfff000 Uncommon trap: reason=range_check action=none pc=0x000000010cc388ac method=sun.reflect.generics.parser.SignatureParser.current()C @ 34
Event: 69.682 Thread 0x00007fe49cfff000 Uncommon trap: reason=unhandled action=none pc=0x000000010dd502f4 method=java.lang.Class.getMethod(Ljava/lang/String;[Ljava/lang/Class;)Ljava/lang/reflect/Method; @ 61
Event: 69.684 Thread 0x00007fe49cfff000 Uncommon trap: reason=range_check action=none pc=0x000000010cc388ac method=sun.reflect.generics.parser.SignatureParser.current()C @ 34
Event: 69.685 Thread 0x00007fe49cfff000 Uncommon trap: reason=unhandled action=none pc=0x000000010dd502f4 method=java.lang.Class.getMethod(Ljava/lang/String;[Ljava/lang/Class;)Ljava/lang/reflect/Method; @ 61
Event: 69.687 Thread 0x00007fe49cfff000 Uncommon trap: reason=range_check action=none pc=0x000000010cc388ac method=sun.reflect.generics.parser.SignatureParser.current()C @ 34

Classes redefined (1 events):
Event: 90.687 Thread 0x00007fe4aa83b800 redefined class name=com.tracelink.prodsec.plugin.veracode.sast.controller.VeracodeSastDashboardRestControllerTest, count=1

Internal exceptions (10 events):
Event: 11.682 Thread 0x00007fe4a8009000 Exception <a 'java/lang/ArrayIndexOutOfBoundsException': 64> (0x00000007769534c0) thrown at [/Users/java_re/workspace/8-2-build-macosx-x86_64/jdk8u192/11897/hotspot/src/share/vm/interpreter/interpreterRuntime.cpp, line 368]
Event: 11.683 Thread 0x00007fe4a8009000 Exception <a 'java/lang/ClassNotFoundException': org/springframework/security/test/context/support/WithSecurityContextFactoryCustomizer> (0x00000007769a1be0) thrown at [/Users/java_re/workspace/8-2-build-macosx-x86_64/jdk8u192/11897/hotspot/src/share/vm/c
Event: 11.683 Thread 0x00007fe4a8009000 Exception <a 'java/lang/ArrayIndexOutOfBoundsException': 64> (0x00000007769a2d90) thrown at [/Users/java_re/workspace/8-2-build-macosx-x86_64/jdk8u192/11897/hotspot/src/share/vm/interpreter/interpreterRuntime.cpp, line 368]
Event: 11.715 Thread 0x00007fe4a8009000 Exception <a 'java/lang/ArrayIndexOutOfBoundsException': 91> (0x0000000776fc2f90) thrown at [/Users/java_re/workspace/8-2-build-macosx-x86_64/jdk8u192/11897/hotspot/src/share/vm/interpreter/interpreterRuntime.cpp, line 368]
Event: 11.778 Thread 0x00007fe4a8009000 Exception <a 'java/lang/ArrayIndexOutOfBoundsException': 135> (0x00000007779194e8) thrown at [/Users/java_re/workspace/8-2-build-macosx-x86_64/jdk8u192/11897/hotspot/src/share/vm/interpreter/interpreterRuntime.cpp, line 368]
Event: 11.844 Thread 0x00007fe4a8009000 Exception <a 'java/lang/ArrayIndexOutOfBoundsException': 60> (0x0000000778065c40) thrown at [/Users/java_re/workspace/8-2-build-macosx-x86_64/jdk8u192/11897/hotspot/src/share/vm/interpreter/interpreterRuntime.cpp, line 368]
Event: 12.018 Thread 0x00007fe4a8009000 Exception <a 'java/lang/NoSuchMethodError': java.lang.Object.lambda$minBy$0(Ljava/util/Comparator;Ljava/lang/Object;Ljava/lang/Object;)Ljava/lang/Object;> (0x000000077957b708) thrown at [/Users/java_re/workspace/8-2-build-macosx-x86_64/jdk8u192/11897/hots
Event: 69.680 Thread 0x00007fe49cfff000 Exception <a 'java/lang/ArrayIndexOutOfBoundsException': 83> (0x0000000779e5de40) thrown at [/Users/java_re/workspace/8-2-build-macosx-x86_64/jdk8u192/11897/hotspot/src/share/vm/interpreter/interpreterRuntime.cpp, line 368]
Event: 69.684 Thread 0x00007fe49cfff000 Exception <a 'java/lang/ArrayIndexOutOfBoundsException': 79> (0x0000000779e86360) thrown at [/Users/java_re/workspace/8-2-build-macosx-x86_64/jdk8u192/11897/hotspot/src/share/vm/interpreter/interpreterRuntime.cpp, line 368]
Event: 69.687 Thread 0x00007fe49cfff000 Exception <a 'java/lang/ArrayIndexOutOfBoundsException': 85> (0x0000000779ea3fc8) thrown at [/Users/java_re/workspace/8-2-build-macosx-x86_64/jdk8u192/11897/hotspot/src/share/vm/interpreter/interpreterRuntime.cpp, line 368]

Events (10 events):
Event: 90.711 Executing VM operation: GetCurrentContendedMonitor done
Event: 90.711 Executing VM operation: GetOwnedMonitorInfo
Event: 90.711 Executing VM operation: GetOwnedMonitorInfo done
Event: 90.711 Executing VM operation: GetCurrentContendedMonitor
Event: 90.711 Executing VM operation: GetCurrentContendedMonitor done
Event: 90.712 Executing VM operation: GetCurrentContendedMonitor
Event: 90.712 Executing VM operation: GetCurrentContendedMonitor done
Event: 90.712 Executing VM operation: GetOwnedMonitorInfo
Event: 90.712 Executing VM operation: GetOwnedMonitorInfo done
Event: 90.807 Executing VM operation: GetOrSetLocal


Dynamic libraries:
0x00007fff343d6000 	/System/Library/Frameworks/Cocoa.framework/Versions/A/Cocoa
0x00007fff41a00000 	/System/Library/Frameworks/Security.framework/Versions/A/Security
0x00007fff3333c000 	/System/Library/Frameworks/ApplicationServices.framework/Versions/A/ApplicationServices
0x00007fff6e5ba000 	/usr/lib/libz.1.dylib
0x00007fff6c07c000 	/usr/lib/libSystem.B.dylib
0x00007fff6dede000 	/usr/lib/libobjc.A.dylib
0x00007fff35278000 	/System/Library/Frameworks/CoreFoundation.framework/Versions/A/CoreFoundation
0x00007fff37939000 	/System/Library/Frameworks/Foundation.framework/Versions/C/Foundation
0x00007fff3252e000 	/System/Library/Frameworks/AppKit.framework/Versions/C/AppKit
0x00007fff34d5a000 	/System/Library/Frameworks/CoreData.framework/Versions/A/CoreData
0x00007fff662d9000 	/System/Library/PrivateFrameworks/UIFoundation.framework/Versions/A/UIFoundation
0x00007fff6136d000 	/System/Library/PrivateFrameworks/RemoteViewServices.framework/Versions/A/RemoteViewServices
0x00007fff68bec000 	/System/Library/PrivateFrameworks/XCTTargetBootstrap.framework/Versions/A/XCTTargetBootstrap
0x00007fff35145000 	/System/Library/Frameworks/CoreDisplay.framework/Versions/A/CoreDisplay
0x00007fff3a7f4000 	/System/Library/Frameworks/Metal.framework/Versions/A/Metal
0x00007fff4f1fc000 	/System/Library/PrivateFrameworks/DesktopServicesPriv.framework/Versions/A/DesktopServicesPriv
0x00007fff6d1b9000 	/usr/lib/liblangid.dylib
0x00007fff4e491000 	/System/Library/PrivateFrameworks/CoreSVG.framework/Versions/A/CoreSVG
0x00007fff644c9000 	/System/Library/PrivateFrameworks/SkyLight.framework/Versions/A/SkyLight
0x00007fff356fb000 	/System/Library/Frameworks/CoreGraphics.framework/Versions/A/CoreGraphics
0x00007fff30f02000 	/System/Library/Frameworks/Accelerate.framework/Versions/A/Accelerate
0x00007fff6e4ab000 	/usr/lib/libxml2.2.dylib
0x00007fff5a19f000 	/System/Library/PrivateFrameworks/IconServices.framework/Versions/A/IconServices
0x00007fff38118000 	/System/Library/Frameworks/IOSurface.framework/Versions/A/IOSurface
0x00007fff6bba6000 	/usr/lib/libDiagnosticMessagesClient.dylib
0x00007fff4f056000 	/System/Library/PrivateFrameworks/DFRFoundation.framework/Versions/A/DFRFoundation
0x00007fff6cf48000 	/usr/lib/libicucore.A.dylib
0x00007fff3366e000 	/System/Library/Frameworks/AudioToolbox.framework/Versions/A/AudioToolbox
0x00007fff33751000 	/System/Library/Frameworks/AudioUnit.framework/Versions/A/AudioUnit
0x00007fff6c27e000 	/usr/lib/libauto.dylib
0x00007fff4f0f8000 	/System/Library/PrivateFrameworks/DataDetectorsCore.framework/Versions/A/DataDetectorsCore
0x00007fff33ef7000 	/System/Library/Frameworks/Carbon.framework/Versions/A/Frameworks/HIToolbox.framework/Versions/A/HIToolbox
0x00007fff40bf9000 	/System/Library/Frameworks/QuartzCore.framework/Versions/A/QuartzCore
0x00007fff34236000 	/System/Library/Frameworks/Carbon.framework/Versions/A/Frameworks/SpeechRecognition.framework/Versions/A/SpeechRecognition
0x00007fff4eb6a000 	/System/Library/PrivateFrameworks/CoreUI.framework/Versions/A/CoreUI
0x00007fff347c5000 	/System/Library/Frameworks/CoreAudio.framework/Versions/A/CoreAudio
0x00007fff375f7000 	/System/Library/Frameworks/DiskArbitration.framework/Versions/A/DiskArbitration
0x00007fff5c346000 	/System/Library/PrivateFrameworks/MultitouchSupport.framework/Versions/A/MultitouchSupport
0x00007fff6ce0d000 	/usr/lib/libenergytrace.dylib
0x00007fff38072000 	/System/Library/Frameworks/IOKit.framework/Versions/A/IOKit
0x00007fff36662000 	/System/Library/Frameworks/CoreServices.framework/Versions/A/CoreServices
0x00007fff5e500000 	/System/Library/PrivateFrameworks/PerformanceAnalysis.framework/Versions/A/PerformanceAnalysis
0x00007fff3fc2c000 	/System/Library/Frameworks/OpenGL.framework/Versions/A/OpenGL
0x00007fff343e4000 	/System/Library/Frameworks/ColorSync.framework/Versions/A/ColorSync
0x00007fff35d7e000 	/System/Library/Frameworks/CoreImage.framework/Versions/A/CoreImage
0x00007fff370d6000 	/System/Library/Frameworks/CoreText.framework/Versions/A/CoreText
0x00007fff381a8000 	/System/Library/Frameworks/ImageIO.framework/Versions/A/ImageIO
0x00007fff6c362000 	/usr/lib/libc++.1.dylib
0x00007fff6c3de000 	/usr/lib/libcompression.dylib
0x00007fff6beea000 	/usr/lib/libMobileGestalt.dylib
0x00007fff66043000 	/System/Library/PrivateFrameworks/TextureIO.framework/Versions/A/TextureIO
0x00007fff6c1e1000 	/usr/lib/libate.dylib
0x00007fff5a3a8000 	/System/Library/PrivateFrameworks/InternationalSupport.framework/Versions/A/InternationalSupport
0x00007fff6ee7b000 	/usr/lib/system/libcache.dylib
0x00007fff6ee81000 	/usr/lib/system/libcommonCrypto.dylib
0x00007fff6ee8d000 	/usr/lib/system/libcompiler_rt.dylib
0x00007fff6ee95000 	/usr/lib/system/libcopyfile.dylib
0x00007fff6ee9f000 	/usr/lib/system/libcorecrypto.dylib
0x00007fff6f03e000 	/usr/lib/system/libdispatch.dylib
0x00007fff6f07f000 	/usr/lib/system/libdyld.dylib
0x00007fff6f0b6000 	/usr/lib/system/libkeymgr.dylib
0x00007fff6f0c4000 	/usr/lib/system/liblaunch.dylib
0x00007fff6f0c5000 	/usr/lib/system/libmacho.dylib
0x00007fff6f0cb000 	/usr/lib/system/libquarantine.dylib
0x00007fff6f0ce000 	/usr/lib/system/libremovefile.dylib
0x00007fff6f0d0000 	/usr/lib/system/libsystem_asl.dylib
0x00007fff6f0e8000 	/usr/lib/system/libsystem_blocks.dylib
0x00007fff6f0e9000 	/usr/lib/system/libsystem_c.dylib
0x00007fff6f171000 	/usr/lib/system/libsystem_configuration.dylib
0x00007fff6f175000 	/usr/lib/system/libsystem_coreservices.dylib
0x00007fff6f179000 	/usr/lib/system/libsystem_darwin.dylib
0x00007fff6f182000 	/usr/lib/system/libsystem_dnssd.dylib
0x00007fff6f18a000 	/usr/lib/system/libsystem_featureflags.dylib
0x00007fff6f18c000 	/usr/lib/system/libsystem_info.dylib
0x00007fff6f207000 	/usr/lib/system/libsystem_m.dylib
0x00007fff6f24f000 	/usr/lib/system/libsystem_malloc.dylib
0x00007fff6f277000 	/usr/lib/system/libsystem_networkextension.dylib
0x00007fff6f285000 	/usr/lib/system/libsystem_notify.dylib
0x00007fff6f2a3000 	/usr/lib/system/libsystem_sandbox.dylib
0x00007fff6f2a8000 	/usr/lib/system/libsystem_secinit.dylib
0x00007fff6f1da000 	/usr/lib/system/libsystem_kernel.dylib
0x00007fff6f28f000 	/usr/lib/system/libsystem_platform.dylib
0x00007fff6f298000 	/usr/lib/system/libsystem_pthread.dylib
0x00007fff6f2ab000 	/usr/lib/system/libsystem_symptoms.dylib
0x00007fff6f2b3000 	/usr/lib/system/libsystem_trace.dylib
0x00007fff6f2cb000 	/usr/lib/system/libunwind.dylib
0x00007fff6f2d1000 	/usr/lib/system/libxpc.dylib
0x00007fff6c3b5000 	/usr/lib/libc++abi.dylib
0x00007fff6d1bb000 	/usr/lib/liblzma.5.dylib
0x00007fff6ce36000 	/usr/lib/libfakelink.dylib
0x00007fff6c16e000 	/usr/lib/libarchive.2.dylib
0x00007fff42ab3000 	/System/Library/Frameworks/SystemConfiguration.framework/Versions/A/SystemConfiguration
0x00007fff6bad9000 	/usr/lib/libCRFSuite.dylib
0x00007fff33ae8000 	/System/Library/Frameworks/CFNetwork.framework/Versions/A/CFNetwork
0x00007fff6c344000 	/usr/lib/libbsm.0.dylib
0x00007fff6f0b7000 	/usr/lib/system/libkxld.dylib
0x00007fff489cf000 	/System/Library/PrivateFrameworks/AppleFSCompression.framework/Versions/A/AppleFSCompression
0x00007fff6c6cf000 	/usr/lib/libcoretls.dylib
0x00007fff6c6e6000 	/usr/lib/libcoretls_cfhelpers.dylib
0x00007fff6df24000 	/usr/lib/libpam.2.dylib
0x00007fff6e059000 	/usr/lib/libsqlite3.dylib
0x00007fff6e498000 	/usr/lib/libxar.1.dylib
0x00007fff6c355000 	/usr/lib/libbz2.1.0.dylib
0x00007fff6ce57000 	/usr/lib/libiconv.2.dylib
0x00007fff6c3cb000 	/usr/lib/libcharset.1.dylib
0x00007fff6d9c1000 	/usr/lib/libnetwork.dylib
0x00007fff6df2b000 	/usr/lib/libpcap.A.dylib
0x00007fff6c123000 	/usr/lib/libapple_nghttp2.dylib
0x00007fff36a19000 	/System/Library/Frameworks/CoreServices.framework/Versions/A/Frameworks/FSEvents.framework/Versions/A/FSEvents
0x00007fff366e9000 	/System/Library/Frameworks/CoreServices.framework/Versions/A/Frameworks/CarbonCore.framework/Versions/A/CarbonCore
0x00007fff36c5e000 	/System/Library/Frameworks/CoreServices.framework/Versions/A/Frameworks/Metadata.framework/Versions/A/Metadata
0x00007fff36cf7000 	/System/Library/Frameworks/CoreServices.framework/Versions/A/Frameworks/OSServices.framework/Versions/A/OSServices
0x00007fff36d25000 	/System/Library/Frameworks/CoreServices.framework/Versions/A/Frameworks/SearchKit.framework/Versions/A/SearchKit
0x00007fff36663000 	/System/Library/Frameworks/CoreServices.framework/Versions/A/Frameworks/AE.framework/Versions/A/AE
0x00007fff36a22000 	/System/Library/Frameworks/CoreServices.framework/Versions/A/Frameworks/LaunchServices.framework/Versions/A/LaunchServices
0x00007fff369cb000 	/System/Library/Frameworks/CoreServices.framework/Versions/A/Frameworks/DictionaryServices.framework/Versions/A/DictionaryServices
0x00007fff36d8d000 	/System/Library/Frameworks/CoreServices.framework/Versions/A/Frameworks/SharedFileList.framework/Versions/A/SharedFileList
0x00007fff3ba4b000 	/System/Library/Frameworks/NetFS.framework/Versions/A/NetFS
0x00007fff5c876000 	/System/Library/PrivateFrameworks/NetAuth.framework/Versions/A/NetAuth
0x00007fff68fb9000 	/System/Library/PrivateFrameworks/login.framework/Versions/A/Frameworks/loginsupport.framework/Versions/A/loginsupport
0x00007fff65b0e000 	/System/Library/PrivateFrameworks/TCC.framework/Versions/A/TCC
0x00007fff4d604000 	/System/Library/PrivateFrameworks/CoreNLP.framework/Versions/A/CoreNLP
0x00007fff5bc1c000 	/System/Library/PrivateFrameworks/MetadataUtilities.framework/Versions/A/MetadataUtilities
0x00007fff6d293000 	/usr/lib/libmecabra.dylib
0x00007fff6d1eb000 	/usr/lib/libmecab.dylib
0x00007fff6ce47000 	/usr/lib/libgermantok.dylib
0x00007fff6c10a000 	/usr/lib/libThaiTokenizer.dylib
0x00007fff6bb10000 	/usr/lib/libChineseTokenizer.dylib
0x00007fff30f1a000 	/System/Library/Frameworks/Accelerate.framework/Versions/A/Frameworks/vImage.framework/Versions/A/vImage
0x00007fff32384000 	/System/Library/Frameworks/Accelerate.framework/Versions/A/Frameworks/vecLib.framework/Versions/A/vecLib
0x00007fff322c1000 	/System/Library/Frameworks/Accelerate.framework/Versions/A/Frameworks/vecLib.framework/Versions/A/libvMisc.dylib
0x00007fff320e9000 	/System/Library/Frameworks/Accelerate.framework/Versions/A/Frameworks/vecLib.framework/Versions/A/libvDSP.dylib
0x00007fff31571000 	/System/Library/Frameworks/Accelerate.framework/Versions/A/Frameworks/vecLib.framework/Versions/A/libBLAS.dylib
0x00007fff31cad000 	/System/Library/Frameworks/Accelerate.framework/Versions/A/Frameworks/vecLib.framework/Versions/A/libLAPACK.dylib
0x00007fff32049000 	/System/Library/Frameworks/Accelerate.framework/Versions/A/Frameworks/vecLib.framework/Versions/A/libLinearAlgebra.dylib
0x00007fff320d6000 	/System/Library/Frameworks/Accelerate.framework/Versions/A/Frameworks/vecLib.framework/Versions/A/libSparseBLAS.dylib
0x00007fff3205f000 	/System/Library/Frameworks/Accelerate.framework/Versions/A/Frameworks/vecLib.framework/Versions/A/libQuadrature.dylib
0x00007fff317d9000 	/System/Library/Frameworks/Accelerate.framework/Versions/A/Frameworks/vecLib.framework/Versions/A/libBNNS.dylib
0x00007fff32065000 	/System/Library/Frameworks/Accelerate.framework/Versions/A/Frameworks/vecLib.framework/Versions/A/libSparse.dylib
0x00007fff5a790000 	/System/Library/PrivateFrameworks/LanguageModeling.framework/Versions/A/LanguageModeling
0x00007fff4cfb3000 	/System/Library/PrivateFrameworks/CoreEmoji.framework/Versions/A/CoreEmoji
0x00007fff5a8ae000 	/System/Library/PrivateFrameworks/LinguisticData.framework/Versions/A/LinguisticData
0x00007fff5a85f000 	/System/Library/PrivateFrameworks/Lexicon.framework/Versions/A/Lexicon
0x00007fff6c3cc000 	/usr/lib/libcmph.dylib
0x00007fff3e63a000 	/System/Library/Frameworks/OpenDirectory.framework/Versions/A/Frameworks/CFOpenDirectory.framework/Versions/A/CFOpenDirectory
0x00007fff3e657000 	/System/Library/Frameworks/OpenDirectory.framework/Versions/A/OpenDirectory
0x00007fff46a9d000 	/System/Library/PrivateFrameworks/APFS.framework/Versions/A/APFS
0x00007fff41d4c000 	/System/Library/Frameworks/SecurityFoundation.framework/Versions/A/SecurityFoundation
0x00007fff6e494000 	/usr/lib/libutil.dylib
0x00007fff4e4e9000 	/System/Library/PrivateFrameworks/CoreServicesStore.framework/Versions/A/CoreServicesStore
0x00007fff41e03000 	/System/Library/Frameworks/ServiceManagement.framework/Versions/A/ServiceManagement
0x00007fff4a1a1000 	/System/Library/PrivateFrameworks/BackgroundTaskManagement.framework/Versions/A/BackgroundTaskManagement
0x00007fff6e591000 	/usr/lib/libxslt.1.dylib
0x00007fff49043000 	/System/Library/PrivateFrameworks/AppleSystemInfo.framework/Versions/A/AppleSystemInfo
0x00007fff383c5000 	/System/Library/Frameworks/ImageIO.framework/Versions/A/Resources/libJPEG.dylib
0x00007fff38682000 	/System/Library/Frameworks/ImageIO.framework/Versions/A/Resources/libTIFF.dylib
0x00007fff38665000 	/System/Library/Frameworks/ImageIO.framework/Versions/A/Resources/libPng.dylib
0x00007fff38307000 	/System/Library/Frameworks/ImageIO.framework/Versions/A/Resources/libGIF.dylib
0x00007fff3830b000 	/System/Library/Frameworks/ImageIO.framework/Versions/A/Resources/libJP2.dylib
0x00007fff38680000 	/System/Library/Frameworks/ImageIO.framework/Versions/A/Resources/libRadiance.dylib
0x00007fff6ce0e000 	/usr/lib/libexpat.1.dylib
0x00007fff48b2a000 	/System/Library/PrivateFrameworks/AppleJPEG.framework/Versions/A/AppleJPEG
0x00007fff517ff000 	/System/Library/PrivateFrameworks/FontServices.framework/libFontParser.dylib
0x00007fff67fbb000 	/System/Library/PrivateFrameworks/WatchdogClient.framework/Versions/A/WatchdogClient
0x00007fff59deb000 	/System/Library/PrivateFrameworks/IOAccelerator.framework/Versions/A/IOAccelerator
0x00007fff3ab8f000 	/System/Library/Frameworks/MetalPerformanceShaders.framework/Versions/A/MetalPerformanceShaders
0x00007fff5657b000 	/System/Library/PrivateFrameworks/GPUWrangler.framework/Versions/A/GPUWrangler
0x00007fff59e00000 	/System/Library/PrivateFrameworks/IOPresentment.framework/Versions/A/IOPresentment
0x00007fff4f069000 	/System/Library/PrivateFrameworks/DSExternalDisplay.framework/Versions/A/DSExternalDisplay
0x00007fff3efcb000 	/System/Library/Frameworks/OpenGL.framework/Versions/A/Libraries/libCoreFSCache.dylib
0x00007fff3a8db000 	/System/Library/Frameworks/MetalPerformanceShaders.framework/Frameworks/MPSCore.framework/Versions/A/MPSCore
0x00007fff3a919000 	/System/Library/Frameworks/MetalPerformanceShaders.framework/Frameworks/MPSImage.framework/Versions/A/MPSImage
0x00007fff3a9e0000 	/System/Library/Frameworks/MetalPerformanceShaders.framework/Frameworks/MPSNeuralNetwork.framework/Versions/A/MPSNeuralNetwork
0x00007fff3a9a4000 	/System/Library/Frameworks/MetalPerformanceShaders.framework/Frameworks/MPSMatrix.framework/Versions/A/MPSMatrix
0x00007fff3ab3f000 	/System/Library/Frameworks/MetalPerformanceShaders.framework/Frameworks/MPSRayIntersector.framework/Versions/A/MPSRayIntersector
0x00007fff3a9ca000 	/System/Library/Frameworks/MetalPerformanceShaders.framework/Frameworks/MPSNDArray.framework/Versions/A/MPSNDArray
0x00007fff5bc69000 	/System/Library/PrivateFrameworks/MetalTools.framework/Versions/A/MetalTools
0x00007fff47c77000 	/System/Library/PrivateFrameworks/AggregateDictionary.framework/Versions/A/AggregateDictionary
0x00007fff4c9fb000 	/System/Library/PrivateFrameworks/CoreAnalytics.framework/Versions/A/CoreAnalytics
0x00007fff48f61000 	/System/Library/PrivateFrameworks/AppleSauce.framework/Versions/A/AppleSauce
0x00007fff6bdcc000 	/usr/lib/libIOReport.dylib
0x00007fff3728e000 	/System/Library/Frameworks/CoreVideo.framework/Versions/A/CoreVideo
0x00007fff579f4000 	/System/Library/PrivateFrameworks/GraphVisualizer.framework/Versions/A/GraphVisualizer
0x00007fff50d45000 	/System/Library/PrivateFrameworks/FaceCore.framework/Versions/A/FaceCore
0x00007fff3e5e1000 	/System/Library/Frameworks/OpenCL.framework/Versions/A/OpenCL
0x00007fff6bbee000 	/usr/lib/libFosl_dynamic.dylib
0x00007fff5d297000 	/System/Library/PrivateFrameworks/OTSVG.framework/Versions/A/OTSVG
0x00007fff33441000 	/System/Library/Frameworks/ApplicationServices.framework/Versions/A/Frameworks/ATS.framework/Versions/A/Resources/libFontRegistry.dylib
0x00007fff519cf000 	/System/Library/PrivateFrameworks/FontServices.framework/libhvf.dylib
0x00007fff3efd6000 	/System/Library/Frameworks/OpenGL.framework/Versions/A/Libraries/libGFXShared.dylib
0x00007fff3f1b4000 	/System/Library/Frameworks/OpenGL.framework/Versions/A/Libraries/libGLU.dylib
0x00007fff3efdf000 	/System/Library/Frameworks/OpenGL.framework/Versions/A/Libraries/libGL.dylib
0x00007fff3efea000 	/System/Library/Frameworks/OpenGL.framework/Versions/A/Libraries/libGLImage.dylib
0x00007fff3efc8000 	/System/Library/Frameworks/OpenGL.framework/Versions/A/Libraries/libCVMSPluginSupport.dylib
0x00007fff3efd1000 	/System/Library/Frameworks/OpenGL.framework/Versions/A/Libraries/libCoreVMClient.dylib
0x00007fff6d862000 	/usr/lib/libncurses.5.4.dylib
0x00007fff3333d000 	/System/Library/Frameworks/ApplicationServices.framework/Versions/A/Frameworks/ATS.framework/Versions/A/ATS
0x00007fff3350a000 	/System/Library/Frameworks/ApplicationServices.framework/Versions/A/Frameworks/ColorSyncLegacy.framework/Versions/A/ColorSyncLegacy
0x00007fff335a8000 	/System/Library/Frameworks/ApplicationServices.framework/Versions/A/Frameworks/HIServices.framework/Versions/A/HIServices
0x00007fff33600000 	/System/Library/Frameworks/ApplicationServices.framework/Versions/A/Frameworks/LangAnalysis.framework/Versions/A/LangAnalysis
0x00007fff3360f000 	/System/Library/Frameworks/ApplicationServices.framework/Versions/A/Frameworks/PrintCore.framework/Versions/A/PrintCore
0x00007fff33655000 	/System/Library/Frameworks/ApplicationServices.framework/Versions/A/Frameworks/QD.framework/Versions/A/QD
0x00007fff33660000 	/System/Library/Frameworks/ApplicationServices.framework/Versions/A/Frameworks/SpeechSynthesis.framework/Versions/A/SpeechSynthesis
0x00007fff334da000 	/System/Library/Frameworks/ApplicationServices.framework/Versions/A/Frameworks/ATSUI.framework/Versions/A/ATSUI
0x00007fff6cca4000 	/usr/lib/libcups.2.dylib
0x00007fff39c2a000 	/System/Library/Frameworks/Kerberos.framework/Versions/A/Kerberos
0x00007fff37d6b000 	/System/Library/Frameworks/GSS.framework/Versions/A/GSS
0x00007fff6dfe5000 	/usr/lib/libresolv.9.dylib
0x00007fff57ba1000 	/System/Library/PrivateFrameworks/Heimdal.framework/Versions/A/Heimdal
0x00007fff39c3d000 	/System/Library/Frameworks/Kerberos.framework/Versions/A/Libraries/libHeimdalProxy.dylib
0x00007fff6ce4d000 	/usr/lib/libheimdal-asn1.dylib
0x00007fff4be93000 	/System/Library/PrivateFrameworks/CommonAuth.framework/Versions/A/CommonAuth
0x00007fff490e0000 	/System/Library/PrivateFrameworks/AssertionServices.framework/Versions/A/AssertionServices
0x00007fff49c83000 	/System/Library/PrivateFrameworks/AudioToolboxCore.framework/Versions/A/AudioToolboxCore
0x00007fff68c69000 	/System/Library/PrivateFrameworks/caulk.framework/Versions/A/caulk
0x00007fff4a24d000 	/System/Library/PrivateFrameworks/BaseBoard.framework/Versions/A/BaseBoard
0x00007fff614fb000 	/System/Library/PrivateFrameworks/RunningBoardServices.framework/Versions/A/RunningBoardServices
0x00007fff5e50c000 	/System/Library/PrivateFrameworks/PersistentConnection.framework/Versions/A/PersistentConnection
0x00007fff60ef4000 	/System/Library/PrivateFrameworks/ProtocolBuffer.framework/Versions/A/ProtocolBuffer
0x00007fff4beb7000 	/System/Library/PrivateFrameworks/CommonUtilities.framework/Versions/A/CommonUtilities
0x00007fff4a3db000 	/System/Library/PrivateFrameworks/Bom.framework/Versions/A/Bom
0x00007fff6ba9f000 	/usr/lib/libAudioToolboxUtility.dylib
0x00007fff4a1ab000 	/System/Library/PrivateFrameworks/Backup.framework/Versions/A/Backup
0x00007fff4ef8a000 	/System/Library/PrivateFrameworks/CrashReporterSupport.framework/Versions/A/CrashReporterSupport
0x00007fff62f8d000 	/System/Library/PrivateFrameworks/Sharing.framework/Versions/A/Sharing
0x00007fff486ed000 	/System/Library/PrivateFrameworks/Apple80211.framework/Versions/A/Apple80211
0x00007fff49ec8000 	/System/Library/PrivateFrameworks/AuthKit.framework/Versions/A/AuthKit
0x00007fff4ec97000 	/System/Library/PrivateFrameworks/CoreUtils.framework/Versions/A/CoreUtils
0x00007fff372d3000 	/System/Library/Frameworks/CoreWLAN.framework/Versions/A/CoreWLAN
0x00007fff37ef8000 	/System/Library/Frameworks/IOBluetooth.framework/Versions/A/IOBluetooth
0x00007fff5c0c5000 	/System/Library/PrivateFrameworks/MobileKeyBag.framework/Versions/A/MobileKeyBag
0x00007fff4da9c000 	/System/Library/PrivateFrameworks/CorePhoneNumbers.framework/Versions/A/CorePhoneNumbers
0x00007fff48add000 	/System/Library/PrivateFrameworks/AppleIDAuthSupport.framework/Versions/A/AppleIDAuthSupport
0x00007fff3ba58000 	/System/Library/Frameworks/Network.framework/Versions/A/Network
0x00007fff5a63c000 	/System/Library/PrivateFrameworks/KeychainCircle.framework/Versions/A/KeychainCircle
0x00007fff34d21000 	/System/Library/Frameworks/CoreBluetooth.framework/Versions/A/CoreBluetooth
0x00007fff6500c000 	/System/Library/PrivateFrameworks/SpeechRecognitionCore.framework/Versions/A/SpeechRecognitionCore
0x000000010b7a2000 	/Library/Java/JavaVirtualMachines/jdk1.8.0_192.jdk/Contents/Home/jre/lib/server/libjvm.dylib
0x00007fff6e367000 	/usr/lib/libstdc++.6.dylib
0x0000000108f09000 	/Library/Java/JavaVirtualMachines/jdk1.8.0_192.jdk/Contents/Home/jre/lib/libverify.dylib
0x0000000108f17000 	/Library/Java/JavaVirtualMachines/jdk1.8.0_192.jdk/Contents/Home/jre/lib/libjava.dylib
0x0000000108f4e000 	/Library/Java/JavaVirtualMachines/jdk1.8.0_192.jdk/Contents/Home/jre/lib/libjdwp.dylib
0x0000000108f99000 	/Library/Java/JavaVirtualMachines/jdk1.8.0_192.jdk/Contents/Home/jre/lib/libnpt.dylib
0x0000000108f9d000 	/Library/Java/JavaVirtualMachines/jdk1.8.0_192.jdk/Contents/Home/jre/lib/libinstrument.dylib
0x0000000108fc9000 	/Library/Java/JavaVirtualMachines/jdk1.8.0_192.jdk/Contents/Home/jre/lib/libzip.dylib
0x0000000108fe3000 	/Library/Java/JavaVirtualMachines/jdk1.8.0_192.jdk/Contents/Home/jre/lib/libdt_socket.dylib
0x0000000126e20000 	/Library/Java/JavaVirtualMachines/jdk1.8.0_192.jdk/Contents/Home/jre/lib/libnet.dylib
0x0000000127637000 	/Library/Java/JavaVirtualMachines/jdk1.8.0_192.jdk/Contents/Home/jre/lib/libmanagement.dylib
0x0000000127c45000 	/Library/Java/JavaVirtualMachines/jdk1.8.0_192.jdk/Contents/Home/jre/lib/libnio.dylib

VM Arguments:
jvm_args: -agentlib:jdwp=transport=dt_socket,suspend=y,address=localhost:51966 -ea -javaagent:/Applications/Eclipse.app/Contents/Eclipse/configuration/org.eclipse.osgi/1299/0/.cp/lib/javaagent-shaded.jar -Dfile.encoding=UTF-8 
java_command: org.eclipse.jdt.internal.junit.runner.RemoteTestRunner -version 3 -port 51965 -testLoaderClass org.eclipse.jdt.internal.junit4.runner.JUnit4TestLoader -loaderpluginname org.eclipse.jdt.junit4.runtime -test com.tracelink.prodsec.plugin.veracode.sast.controller.VeracodeSastDashboardRestControllerTest:testGetAllFlaws
java_class_path (initial): /Users/csmith/git/synapse/plugin-veracode-sast/target/test-classes:/Users/csmith/git/synapse/plugin-veracode-sast/target/classes:/Users/csmith/.m2/repository/org/springframework/boot/spring-boot-starter-web/2.6.3/spring-boot-starter-web-2.6.3.jar:/Users/csmith/.m2/repository/org/springframework/boot/spring-boot-starter/2.6.3/spring-boot-starter-2.6.3.jar:/Users/csmith/.m2/repository/org/springframework/boot/spring-boot/2.6.3/spring-boot-2.6.3.jar:/Users/csmith/.m2/repository/org/springframework/boot/spring-boot-autoconfigure/2.6.3/spring-boot-autoconfigure-2.6.3.jar:/Users/csmith/.m2/repository/org/springframework/boot/spring-boot-starter-logging/2.6.3/spring-boot-starter-logging-2.6.3.jar:/Users/csmith/.m2/repository/org/apache/logging/log4j/log4j-to-slf4j/2.17.1/log4j-to-slf4j-2.17.1.jar:/Users/csmith/.m2/repository/org/apache/logging/log4j/log4j-api/2.17.1/log4j-api-2.17.1.jar:/Users/csmith/.m2/repository/org/slf4j/jul-to-slf4j/1.7.33/jul-to-slf4j-1.7.33.jar:/Users/csmith/.m2/repository/jakarta/annotation/jakarta.annotation-api/1.3.5/jakarta.annotation-api-1.3.5.jar:/Users/csmith/.m2/repository/org/yaml/snakeyaml/1.29/snakeyaml-1.29.jar:/Users/csmith/.m2/repository/org/springframework/boot/spring-boot-starter-json/2.6.3/spring-boot-starter-json-2.6.3.jar:/Users/csmith/.m2/repository/com/fasterxml/jackson/datatype/jackson-datatype-jdk8/2.13.1/jackson-datatype-jdk8-2.13.1.jar:/Users/csmith/.m2/repository/com/fasterxml/jackson/datatype/jackson-datatype-jsr310/2.13.1/jackson-datatype-jsr310-2.13.1.jar:/Users/csmith/.m2/repository/com/fasterxml/jackson/module/jackson-module-parameter-names/2.13.1/jackson-module-parameter-names-2.13.1.jar:/Users/csmith/.m2/repository/org/springframework/boot/spring-boot-starter-tomcat/2.6.3/spring-boot-starter-tomcat-2.6.3.jar:/Users/csmith/.m2/repository/org/apache/tomcat/embed/tomcat-embed-core/9.0.56/tomcat-embed-core-9.0.56.jar:/Users/csmith/.m2/repository/org/apache/tomcat/embed/tomcat-embed-el/9.0.56/
Launcher Type: SUN_STANDARD

Environment Variables:
PATH=/usr/bin:/bin:/usr/sbin:/sbin
SHELL=/bin/zsh
DISPLAY=/private/tmp/com.apple.launchd.oFIIl7hRwD/org.macosforge.xquartz:0

Signal Handlers:
SIGSEGV: [libjvm.dylib+0x5b67a9], sa_mask[0]=11111111011111110111111111111111, sa_flags=SA_ONSTACK|SA_RESTART|SA_SIGINFO
SIGBUS: [libjvm.dylib+0x5b67a9], sa_mask[0]=11111111011111110111111111111111, sa_flags=SA_RESTART|SA_SIGINFO
SIGFPE: [libjvm.dylib+0x48bf5c], sa_mask[0]=11111111011111110111111111111111, sa_flags=SA_RESTART|SA_SIGINFO
SIGPIPE: [libjvm.dylib+0x48bf5c], sa_mask[0]=11111111011111110111111111111111, sa_flags=SA_RESTART|SA_SIGINFO
SIGXFSZ: [libjvm.dylib+0x48bf5c], sa_mask[0]=11111111011111110111111111111111, sa_flags=SA_RESTART|SA_SIGINFO
SIGILL: [libjvm.dylib+0x48bf5c], sa_mask[0]=11111111011111110111111111111111, sa_flags=SA_RESTART|SA_SIGINFO
SIGUSR1: SIG_DFL, sa_mask[0]=00000000000000000000000000000000, sa_flags=none
SIGUSR2: [libjvm.dylib+0x48ba7a], sa_mask[0]=00100000000000000000000000000000, sa_flags=SA_RESTART|SA_SIGINFO
SIGHUP: [libjvm.dylib+0x48a005], sa_mask[0]=11111111011111110111111111111111, sa_flags=SA_RESTART|SA_SIGINFO
SIGINT: [libjvm.dylib+0x48a005], sa_mask[0]=11111111011111110111111111111111, sa_flags=SA_RESTART|SA_SIGINFO
SIGTERM: [libjvm.dylib+0x48a005], sa_mask[0]=11111111011111110111111111111111, sa_flags=SA_RESTART|SA_SIGINFO
SIGQUIT: [libjvm.dylib+0x48a005], sa_mask[0]=11111111011111110111111111111111, sa_flags=SA_RESTART|SA_SIGINFO


---------------  S Y S T E M  ---------------

OS:Bsduname:Darwin 19.6.0 Darwin Kernel Version 19.6.0: Sun Nov 14 19:58:51 PST 2021; root:xnu-6153.141.50~1/RELEASE_X86_64 x86_64
rlimit: STACK 8192k, CORE 0k, NPROC 2784, NOFILE 10240, AS infinity
load average:3.29 4.54 4.83

CPU:total 12 (initial active 12) (6 cores per cpu, 2 threads per core) family 6 model 158 stepping 10, cmov, cx8, fxsr, mmx, sse, sse2, sse3, ssse3, sse4.1, sse4.2, popcnt, avx, avx2, aes, clmul, erms, 3dnowpref, lzcnt, ht, tsc, tscinvbit, bmi1, bmi2, adx

Memory: 4k page, physical 16777216k(1127044k free)

/proc/meminfo:


vm_info: Java HotSpot(TM) 64-Bit Server VM (25.192-b12) for bsd-amd64 JRE (1.8.0_192-b12), built on Oct  6 2018 09:36:52 by "java_re" with gcc 4.2.1 (Based on Apple Inc. build 5658) (LLVM build 2336.11.00)

time: Wed Mar  2 11:43:00 2022
timezone: EST
elapsed time: 90 seconds (0d 0h 1m 30s)

